<?xml version="1.0" encoding="UTF-8"?>
<testsuite name="com.nimesa.careers.multithreading_assignment.ProcessorTest" tests="1" skipped="0" failures="0" errors="0" timestamp="2024-02-16T09:59:33" hostname="Aman-Windows-Ma" time="52.888">
  <properties/>
  <testcase name="testProcess()" classname="com.nimesa.careers.multithreading_assignment.ProcessorTest" time="52.888"/>
  <system-out><![CDATA[15:29:30.780 [Test worker] INFO org.springframework.test.context.support.AnnotationConfigContextLoaderUtils -- Could not detect default configuration classes for test class [com.nimesa.careers.multithreading_assignment.ProcessorTest]: ProcessorTest does not declare any static, non-private, non-final, nested classes annotated with @Configuration.
15:29:30.904 [Test worker] INFO org.springframework.boot.test.context.SpringBootTestContextBootstrapper -- Found @SpringBootConfiguration com.nimesa.careers.CareersApplication for test class com.nimesa.careers.multithreading_assignment.ProcessorTest

  .   ____          _            __ _ _
 /\\ / ___'_ __ _ _(_)_ __  __ _ \ \ \ \
( ( )\___ | '_ | '_| | '_ \/ _` | \ \ \ \
 \\/  ___)| |_)| | | | | || (_| |  ) ) ) )
  '  |____| .__|_| |_|_| |_\__, | / / / /
 =========|_|==============|___/=/_/_/_/
 :: Spring Boot ::                (v3.2.2)

2024-02-16T15:29:31.325+05:30  INFO 13044 --- [    Test worker] c.n.c.m.ProcessorTest                    : Starting ProcessorTest using Java 21.0.1 with PID 13044 (started by aman in F:\Assignment\assignment)
2024-02-16T15:29:31.326+05:30  INFO 13044 --- [    Test worker] c.n.c.m.ProcessorTest                    : No active profile set, falling back to 1 default profile: "default"
2024-02-16T15:29:33.003+05:30  INFO 13044 --- [    Test worker] o.s.s.web.DefaultSecurityFilterChain     : Will secure any request with [org.springframework.security.web.session.DisableEncodeUrlFilter@36359723, org.springframework.security.web.context.request.async.WebAsyncManagerIntegrationFilter@1ab14636, org.springframework.security.web.context.SecurityContextHolderFilter@5b8572df, org.springframework.security.web.header.HeaderWriterFilter@1e98b788, org.springframework.web.filter.CorsFilter@16b3c905, org.springframework.security.web.csrf.CsrfFilter@166c2c17, org.springframework.security.web.authentication.logout.LogoutFilter@59636c47, org.springframework.security.web.authentication.UsernamePasswordAuthenticationFilter@738a5848, org.springframework.security.web.authentication.ui.DefaultLoginPageGeneratingFilter@3b7c58e7, org.springframework.security.web.authentication.ui.DefaultLogoutPageGeneratingFilter@49fdbe2b, org.springframework.security.web.authentication.www.BasicAuthenticationFilter@20d19f2c, org.springframework.security.web.savedrequest.RequestCacheAwareFilter@eed890d, org.springframework.security.web.servletapi.SecurityContextHolderAwareRequestFilter@10f477e2, org.springframework.security.web.authentication.AnonymousAuthenticationFilter@53eba4b8, org.springframework.security.web.access.ExceptionTranslationFilter@46c10083, org.springframework.security.web.access.intercept.AuthorizationFilter@6c538eb2]
2024-02-16T15:29:33.077+05:30  INFO 13044 --- [    Test worker] c.n.c.m.ProcessorTest                    : Started ProcessorTest in 1.993 seconds (process running for 3.34)
860eacb9-b026-43c7-bf76-a2fc0d11af16 completed SUCCESS
]]></system-out>
  <system-err><![CDATA[WARNING: A Java agent has been loaded dynamically (C:\Users\aman\.gradle\caches\modules-2\files-2.1\net.bytebuddy\byte-buddy-agent\1.14.11\f9cb566608fbac6bc7bf54901a7aa11543a989ee\byte-buddy-agent-1.14.11.jar)
WARNING: If a serviceability tool is in use, please run with -XX:+EnableDynamicAgentLoading to hide this warning
WARNING: If a serviceability tool is not in use, please run with -Djdk.instrument.traceUsage for more information
WARNING: Dynamic loading of agents will be disallowed by default in a future release
]]></system-err>
</testsuite>
